Using pre-set license
Built from '2021.3/staging' branch; Version is '2021.3.9f1 (ad3870b89536) revision 11352176'; Using compiler version '192829333'; Build Type 'Release'
OS: 'Windows 10  (10.0.19042) 64bit Professional' Language: 'ru' Physical Memory: 16370 MB
BatchMode: 1, IsHumanControllingUs: 0, StartBugReporterOnCrash: 0, Is64bit: 1, IsPro: 1

COMMAND LINE ARGUMENTS:
C:\Program Files\Unity\Hub\Editor\2021.3.9f1\Editor\Unity.exe
-adb2
-batchMode
-noUpm
-name
AssetImportWorker2
-projectPath
C:/Users/Intel/Desktop/28-29
-logFile
Logs/AssetImportWorker2.log
-srvPort
54126
Successfully changed project path to: C:/Users/Intel/Desktop/28-29
C:/Users/Intel/Desktop/28-29
[UnityMemory] Configuration Parameters - Can be set up in boot.config
    "memorysetup-bucket-allocator-granularity=16"
    "memorysetup-bucket-allocator-bucket-count=8"
    "memorysetup-bucket-allocator-block-size=33554432"
    "memorysetup-bucket-allocator-block-count=8"
    "memorysetup-main-allocator-block-size=16777216"
    "memorysetup-thread-allocator-block-size=16777216"
    "memorysetup-gfx-main-allocator-block-size=16777216"
    "memorysetup-gfx-thread-allocator-block-size=16777216"
    "memorysetup-cache-allocator-block-size=4194304"
    "memorysetup-typetree-allocator-block-size=2097152"
    "memorysetup-profiler-bucket-allocator-granularity=16"
    "memorysetup-profiler-bucket-allocator-bucket-count=8"
    "memorysetup-profiler-bucket-allocator-block-size=33554432"
    "memorysetup-profiler-bucket-allocator-block-count=8"
    "memorysetup-profiler-allocator-block-size=16777216"
    "memorysetup-profiler-editor-allocator-block-size=1048576"
    "memorysetup-temp-allocator-size-main=16777216"
    "memorysetup-job-temp-allocator-block-size=2097152"
    "memorysetup-job-temp-allocator-block-size-background=1048576"
    "memorysetup-job-temp-allocator-reduction-small-platforms=262144"
    "memorysetup-temp-allocator-size-background-worker=32768"
    "memorysetup-temp-allocator-size-job-worker=262144"
    "memorysetup-temp-allocator-size-preload-manager=33554432"
    "memorysetup-temp-allocator-size-nav-mesh-worker=65536"
    "memorysetup-temp-allocator-size-audio-worker=65536"
    "memorysetup-temp-allocator-size-cloud-worker=32768"
    "memorysetup-temp-allocator-size-gi-baking-worker=262144"
    "memorysetup-temp-allocator-size-gfx=262144"
Refreshing native plugins compatible for Editor in 229.11 ms, found 4 plugins.
Preloading 0 native plugins for Editor in 0.00 ms.
Initialize engine version: 2021.3.9f1 (ad3870b89536)
[Subsystems] Discovering subsystems at path C:/Program Files/Unity/Hub/Editor/2021.3.9f1/Editor/Data/Resources/UnitySubsystems
[Subsystems] Discovering subsystems at path C:/Users/Intel/Desktop/28-29/Assets
GfxDevice: creating device client; threaded=0; jobified=0
Direct3D:
    Version:  Direct3D 11.0 [level 11.0]
    Renderer: NVIDIA GeForce GTX 760 (ID=0x1187)
    Vendor:   NVIDIA
    VRAM:     2007 MB
    Driver:   30.0.14.7212
Initialize mono
Mono path[0] = 'C:/Program Files/Unity/Hub/Editor/2021.3.9f1/Editor/Data/Managed'
Mono path[1] = 'C:/Program Files/Unity/Hub/Editor/2021.3.9f1/Editor/Data/MonoBleedingEdge/lib/mono/unityjit-win32'
Mono config path = 'C:/Program Files/Unity/Hub/Editor/2021.3.9f1/Editor/Data/MonoBleedingEdge/etc'
Using monoOptions --debugger-agent=transport=dt_socket,embedding=1,server=y,suspend=n,address=127.0.0.1:56120
Begin MonoManager ReloadAssembly
Registering precompiled unity dll's ...
Register platform support module: C:/Program Files/Unity/Hub/Editor/2021.3.9f1/Editor/Data/PlaybackEngines/WebGLSupport/UnityEditor.WebGL.Extensions.dll
Register platform support module: C:/Program Files/Unity/Hub/Editor/2021.3.9f1/Editor/Data/PlaybackEngines/WindowsStandaloneSupport/UnityEditor.WindowsStandalone.Extensions.dll
Registered in 0.016161 seconds.
Native extension for WindowsStandalone target not found
Native extension for WebGL target not found
Refreshing native plugins compatible for Editor in 258.82 ms, found 4 plugins.
Preloading 0 native plugins for Editor in 0.00 ms.
Mono: successfully reloaded assembly
- Completed reload, in  1.681 seconds
Domain Reload Profiling:
	ReloadAssembly (1682ms)
		BeginReloadAssembly (178ms)
			ExecutionOrderSort (0ms)
			DisableScriptedObjects (0ms)
			BackupInstance (0ms)
			ReleaseScriptingObjects (0ms)
			CreateAndSetChildDomain (2ms)
		EndReloadAssembly (1209ms)
			LoadAssemblies (174ms)
			RebuildTransferFunctionScriptingTraits (0ms)
			SetupTypeCache (275ms)
			ReleaseScriptCaches (0ms)
			RebuildScriptCaches (82ms)
			SetupLoadedEditorAssemblies (714ms)
				LogAssemblyErrors (0ms)
				InitializePlatformSupportModulesInManaged (24ms)
				SetLoadedEditorAssemblies (1ms)
				RefreshPlugins (259ms)
				BeforeProcessingInitializeOnLoad (4ms)
				ProcessInitializeOnLoadAttributes (311ms)
				ProcessInitializeOnLoadMethodAttributes (115ms)
				AfterProcessingInitializeOnLoad (0ms)
				EditorAssembliesLoaded (0ms)
			ExecutionOrderSort2 (0ms)
			AwakeInstancesAfterBackupRestoration (0ms)
Platform modules already initialized, skipping
Registering precompiled user dll's ...
Registered in 0.017372 seconds.
Begin MonoManager ReloadAssembly
Symbol file LoadedFromMemory doesn't match image C:\Users\Intel\Desktop\28-29\Library\PackageCache\com.unity.visualscripting@1.7.8\Editor\VisualScripting.Core\Dependencies\YamlDotNet\Unity.VisualScripting.YamlDotNet.dll
Symbol file LoadedFromMemory doesn't match image C:\Users\Intel\Desktop\28-29\Library\PackageCache\com.unity.visualscripting@1.7.8\Editor\VisualScripting.Core\Dependencies\DotNetZip\Unity.VisualScripting.IonicZip.dll
Native extension for WindowsStandalone target not found
Native extension for WebGL target not found
Refreshing native plugins compatible for Editor in 242.20 ms, found 4 plugins.
Preloading 0 native plugins for Editor in 0.00 ms.
Mono: successfully reloaded assembly
- Completed reload, in  2.968 seconds
Domain Reload Profiling:
	ReloadAssembly (2972ms)
		BeginReloadAssembly (300ms)
			ExecutionOrderSort (0ms)
			DisableScriptedObjects (16ms)
			BackupInstance (0ms)
			ReleaseScriptingObjects (0ms)
			CreateAndSetChildDomain (35ms)
		EndReloadAssembly (2359ms)
			LoadAssemblies (222ms)
			RebuildTransferFunctionScriptingTraits (0ms)
			SetupTypeCache (620ms)
			ReleaseScriptCaches (1ms)
			RebuildScriptCaches (168ms)
			SetupLoadedEditorAssemblies (1243ms)
				LogAssemblyErrors (0ms)
				InitializePlatformSupportModulesInManaged (14ms)
				SetLoadedEditorAssemblies (0ms)
				RefreshPlugins (242ms)
				BeforeProcessingInitializeOnLoad (239ms)
				ProcessInitializeOnLoadAttributes (619ms)
				ProcessInitializeOnLoadMethodAttributes (111ms)
				AfterProcessingInitializeOnLoad (16ms)
				EditorAssembliesLoaded (1ms)
			ExecutionOrderSort2 (0ms)
			AwakeInstancesAfterBackupRestoration (14ms)
Platform modules already initialized, skipping
========================================================================
Worker process is ready to serve import requests
Launched and connected shader compiler UnityShaderCompiler.exe after 0.10 seconds
Refreshing native plugins compatible for Editor in 2.17 ms, found 4 plugins.
Preloading 0 native plugins for Editor in 0.00 ms.
Unloading 4087 Unused Serialized files (Serialized files now loaded: 0)
Unloading 44 unused Assets / (223.5 KB). Loaded Objects now: 4538.
Memory consumption went from 153.7 MB to 153.5 MB.
Total: 13.069300 ms (FindLiveObjects: 0.859900 ms CreateObjectMapping: 0.499000 ms MarkObjects: 11.202500 ms  DeleteObjects: 0.505700 ms)

AssetImportParameters requested are different than current active one (requested -> active):
  custom:video-decoder-ogg-theora: a1e56fd34408186e4bbccfd4996cb3dc -> 
  custom:container-muxer-webm: aa71ff27fc2769a1b78a27578f13a17b -> 
  custom:container-demuxer-webm: 4f35f7cbe854078d1ac9338744f61a02 -> 
  custom:video-encoder-webm-vp8: eb34c28f22e8b96e1ab97ce403110664 -> 
  custom:audio-encoder-webm-vorbis: bf7c407c2cedff20999df2af8eb42d56 -> 
  custom:framework-win-MediaFoundation: 216162199b28c13a410421893ffa2e32 -> 
  custom:container-demuxer-ogg: 62fdf1f143b41e24485cea50d1cbac27 -> 
  custom:video-decoder-webm-vp8: 9c59270c3fd7afecdb556c50c9e8de78 -> 
  custom:audio-decoder-ogg-vorbis: bf7c407c2cedff20999df2af8eb42d56 -> 
========================================================================
Received Import Request.
  Time since last request: 6023.942967 seconds.
  path: Assets/fonts/avenir-roman SDF.asset
  artifactKey: Guid(ba7504ed5a445934f9851f22fe0ac95a) Importer(815301076,1909f56bfc062723c751e8b465ee728b)
Start importing Assets/fonts/avenir-roman SDF.asset using Guid(ba7504ed5a445934f9851f22fe0ac95a) Importer(815301076,1909f56bfc062723c751e8b465ee728b)  -> (artifact id: '6f3d3bda995abf3f8379c8cc6a06168e') in 0.336633 seconds 
========================================================================
Received Import Request.
  Time since last request: 74.608358 seconds.
  path: Assets/Sprites/Ants/ants0_0.png
  artifactKey: Guid(f1cebcb87b427ee44bfe60ff34186c94) Importer(815301076,1909f56bfc062723c751e8b465ee728b)
Start importing Assets/Sprites/Ants/ants0_0.png using Guid(f1cebcb87b427ee44bfe60ff34186c94) Importer(815301076,1909f56bfc062723c751e8b465ee728b)  -> (artifact id: '53fa40d251d83443f43403b2202c6ade') in 0.065094 seconds 
========================================================================
Received Import Request.
  Time since last request: 0.000034 seconds.
  path: Assets/Sprites/Ants/ants4_0.png
  artifactKey: Guid(e5b952042a4b7e7448ba0d290b8b1d24) Importer(815301076,1909f56bfc062723c751e8b465ee728b)
Start importing Assets/Sprites/Ants/ants4_0.png using Guid(e5b952042a4b7e7448ba0d290b8b1d24) Importer(815301076,1909f56bfc062723c751e8b465ee728b)  -> (artifact id: 'ee3c55f679dd2bd8e3568a5fbc6ba3aa') in 0.033280 seconds 
========================================================================
Received Import Request.
  Time since last request: 0.000032 seconds.
  path: Assets/Sprites/Ants/ants0_4.png
  artifactKey: Guid(f8f22413266e3e443941469d4b8fbc3b) Importer(815301076,1909f56bfc062723c751e8b465ee728b)
Start importing Assets/Sprites/Ants/ants0_4.png using Guid(f8f22413266e3e443941469d4b8fbc3b) Importer(815301076,1909f56bfc062723c751e8b465ee728b)  -> (artifact id: 'd1e73237ae5e41c8677a9594ac1d4884') in 0.023241 seconds 
========================================================================
Received Import Request.
  Time since last request: 0.000056 seconds.
  path: Assets/Sprites/Ants/ants7_1.png
  artifactKey: Guid(2916a57836cfd844cbc572a492f6a56b) Importer(815301076,1909f56bfc062723c751e8b465ee728b)
Start importing Assets/Sprites/Ants/ants7_1.png using Guid(2916a57836cfd844cbc572a492f6a56b) Importer(815301076,1909f56bfc062723c751e8b465ee728b)  -> (artifact id: 'b7075f699871ad7a0391d4920c4914b6') in 0.023154 seconds 
========================================================================
Received Import Request.
  Time since last request: 0.000034 seconds.
  path: Assets/Sprites/Ants/ants6_2.png
  artifactKey: Guid(a1f9776e31ef2ab46813d966b7c9b5d8) Importer(815301076,1909f56bfc062723c751e8b465ee728b)
Start importing Assets/Sprites/Ants/ants6_2.png using Guid(a1f9776e31ef2ab46813d966b7c9b5d8) Importer(815301076,1909f56bfc062723c751e8b465ee728b)  -> (artifact id: '4516c8b6c48e6ac6154212ab4486e8b4') in 0.056276 seconds 
========================================================================
Received Import Request.
  Time since last request: 0.000046 seconds.
  path: Assets/Sprites/Ants/ants1_0.png
  artifactKey: Guid(84b5bb46119a95c4bbd6082b6122fdc9) Importer(815301076,1909f56bfc062723c751e8b465ee728b)
Start importing Assets/Sprites/Ants/ants1_0.png using Guid(84b5bb46119a95c4bbd6082b6122fdc9) Importer(815301076,1909f56bfc062723c751e8b465ee728b)  -> (artifact id: 'e491fdbe690d8ad64dd32ca71dfbd0a0') in 0.026395 seconds 
========================================================================
Received Import Request.
  Time since last request: 0.000032 seconds.
  path: Assets/Sprites/Ants/ants8_0.png
  artifactKey: Guid(6dc2f070f64b91447a8b75bfb488ccd3) Importer(815301076,1909f56bfc062723c751e8b465ee728b)
Start importing Assets/Sprites/Ants/ants8_0.png using Guid(6dc2f070f64b91447a8b75bfb488ccd3) Importer(815301076,1909f56bfc062723c751e8b465ee728b)  -> (artifact id: 'fa95d819117e177df4d7609429c3d660') in 0.023712 seconds 
========================================================================
Received Import Request.
  Time since last request: 0.000038 seconds.
  path: Assets/Sprites/Ants/ants5_4.png
  artifactKey: Guid(e11181e42f47fa644b2af03ac2184f0e) Importer(815301076,1909f56bfc062723c751e8b465ee728b)
Start importing Assets/Sprites/Ants/ants5_4.png using Guid(e11181e42f47fa644b2af03ac2184f0e) Importer(815301076,1909f56bfc062723c751e8b465ee728b)  -> (artifact id: '6d2dcdd0838b7700364e632ce093f0a0') in 0.038849 seconds 
========================================================================
Received Import Request.
  Time since last request: 0.000034 seconds.
  path: Assets/Sprites/Ants/ants3_2.png
  artifactKey: Guid(1c0fc557bcf71c7478e4c6ba51a54073) Importer(815301076,1909f56bfc062723c751e8b465ee728b)
Start importing Assets/Sprites/Ants/ants3_2.png using Guid(1c0fc557bcf71c7478e4c6ba51a54073) Importer(815301076,1909f56bfc062723c751e8b465ee728b)  -> (artifact id: 'e2f850b5a42f9a0cea5ee335b8cb9a75') in 0.035444 seconds 
========================================================================
Received Import Request.
  Time since last request: 0.000036 seconds.
  path: Assets/Sprites/Ants/ants3_3.png
  artifactKey: Guid(6c336a20b30a4814a9cd0bded9b05490) Importer(815301076,1909f56bfc062723c751e8b465ee728b)
Start importing Assets/Sprites/Ants/ants3_3.png using Guid(6c336a20b30a4814a9cd0bded9b05490) Importer(815301076,1909f56bfc062723c751e8b465ee728b)  -> (artifact id: 'e84d8295ad496f4db1fba39b1ca4e4fd') in 0.028820 seconds 
========================================================================
Received Import Request.
  Time since last request: 0.000035 seconds.
  path: Assets/Sprites/Ants/ants2_2.png
  artifactKey: Guid(f64253b6efd28f8459906f95a407da8c) Importer(815301076,1909f56bfc062723c751e8b465ee728b)
Start importing Assets/Sprites/Ants/ants2_2.png using Guid(f64253b6efd28f8459906f95a407da8c) Importer(815301076,1909f56bfc062723c751e8b465ee728b)  -> (artifact id: '3a7207d833c53211202b4f2facbba78c') in 0.027675 seconds 
========================================================================
Received Import Request.
  Time since last request: 0.000048 seconds.
  path: Assets/Sprites/Ants/bee2.png
  artifactKey: Guid(c179c83d3dfbf1448a209b1143e90237) Importer(815301076,1909f56bfc062723c751e8b465ee728b)
Start importing Assets/Sprites/Ants/bee2.png using Guid(c179c83d3dfbf1448a209b1143e90237) Importer(815301076,1909f56bfc062723c751e8b465ee728b)  -> (artifact id: '140410e84fb0f9e7f2981c548433e975') in 0.026989 seconds 
========================================================================
Received Import Request.
  Time since last request: 0.000036 seconds.
  path: Assets/Sprites/Ants/ants2_0.png
  artifactKey: Guid(a6bc1a1a463bb3b4a9d8faf2551739cb) Importer(815301076,1909f56bfc062723c751e8b465ee728b)
Start importing Assets/Sprites/Ants/ants2_0.png using Guid(a6bc1a1a463bb3b4a9d8faf2551739cb) Importer(815301076,1909f56bfc062723c751e8b465ee728b)  -> (artifact id: 'a92f35140bcf9e0c9dc0fe169d453a17') in 0.025613 seconds 
========================================================================
Received Import Request.
  Time since last request: 0.000037 seconds.
  path: Assets/Sprites/Ants/ants8_2.png
  artifactKey: Guid(26bc6b3cb681c8744bdc688bd2d65384) Importer(815301076,1909f56bfc062723c751e8b465ee728b)
Start importing Assets/Sprites/Ants/ants8_2.png using Guid(26bc6b3cb681c8744bdc688bd2d65384) Importer(815301076,1909f56bfc062723c751e8b465ee728b)  -> (artifact id: 'b51ee241a48be314e903878ecf0e1327') in 0.025765 seconds 
========================================================================
Received Import Request.
  Time since last request: 0.000035 seconds.
  path: Assets/Sprites/Ants/ants5_3.png
  artifactKey: Guid(919e473494d881749933a4f58501bb34) Importer(815301076,1909f56bfc062723c751e8b465ee728b)
Start importing Assets/Sprites/Ants/ants5_3.png using Guid(919e473494d881749933a4f58501bb34) Importer(815301076,1909f56bfc062723c751e8b465ee728b)  -> (artifact id: '59051d4bcfda537ac52adf8ccb3bfb39') in 0.025836 seconds 
========================================================================
Received Import Request.
  Time since last request: 0.000034 seconds.
  path: Assets/Sprites/Ants/ants2_3.png
  artifactKey: Guid(9ce74a409fc8eaa47889db1bca510a99) Importer(815301076,1909f56bfc062723c751e8b465ee728b)
Start importing Assets/Sprites/Ants/ants2_3.png using Guid(9ce74a409fc8eaa47889db1bca510a99) Importer(815301076,1909f56bfc062723c751e8b465ee728b)  -> (artifact id: '200135488c5931f2f179c6ff2d657393') in 0.022474 seconds 
========================================================================
Received Import Request.
  Time since last request: 0.000050 seconds.
  path: Assets/Sprites/Ants/ants5_0.png
  artifactKey: Guid(ef584635659094b4fa04f9c9eb955775) Importer(815301076,1909f56bfc062723c751e8b465ee728b)
Start importing Assets/Sprites/Ants/ants5_0.png using Guid(ef584635659094b4fa04f9c9eb955775) Importer(815301076,1909f56bfc062723c751e8b465ee728b)  -> (artifact id: '92b89efa5b9e47643b3ad625baf0a678') in 0.033752 seconds 
========================================================================
Received Import Request.
  Time since last request: 0.000042 seconds.
  path: Assets/Sprites/Ants/ants4_4.png
  artifactKey: Guid(b291acab3464cfa4bb33592f83555b1e) Importer(815301076,1909f56bfc062723c751e8b465ee728b)
Start importing Assets/Sprites/Ants/ants4_4.png using Guid(b291acab3464cfa4bb33592f83555b1e) Importer(815301076,1909f56bfc062723c751e8b465ee728b)  -> (artifact id: 'd1ae9d5e972abd4977092fd09e9eb1df') in 0.035174 seconds 
========================================================================
Received Import Request.
  Time since last request: 0.000063 seconds.
  path: Assets/Sprites/Ants/ants7_4.png
  artifactKey: Guid(8728c0df3caebe04f97563819e53c973) Importer(815301076,1909f56bfc062723c751e8b465ee728b)
Start importing Assets/Sprites/Ants/ants7_4.png using Guid(8728c0df3caebe04f97563819e53c973) Importer(815301076,1909f56bfc062723c751e8b465ee728b)  -> (artifact id: '84ae94ccafb4482b3fe70680b78904f2') in 0.028128 seconds 
========================================================================
Received Import Request.
  Time since last request: 0.000046 seconds.
  path: Assets/Sprites/Ants/ants3_4.png
  artifactKey: Guid(10da3d8ac20e133448ef28f73e9201e7) Importer(815301076,1909f56bfc062723c751e8b465ee728b)
Start importing Assets/Sprites/Ants/ants3_4.png using Guid(10da3d8ac20e133448ef28f73e9201e7) Importer(815301076,1909f56bfc062723c751e8b465ee728b)  -> (artifact id: 'c904ae019e95ca1a6c90bc1574916356') in 0.032488 seconds 
========================================================================
Received Import Request.
  Time since last request: 0.000032 seconds.
  path: Assets/Sprites/Ants/ants8_4.png
  artifactKey: Guid(6c76992d46d599446a245ba379ca4359) Importer(815301076,1909f56bfc062723c751e8b465ee728b)
Start importing Assets/Sprites/Ants/ants8_4.png using Guid(6c76992d46d599446a245ba379ca4359) Importer(815301076,1909f56bfc062723c751e8b465ee728b)  -> (artifact id: 'b5512158ea896296c6e6a84ca1a7544b') in 0.027267 seconds 
========================================================================
Received Import Request.
  Time since last request: 0.000033 seconds.
  path: Assets/Sprites/Ants/ants8_1.png
  artifactKey: Guid(bcb032ec9fffcf44886562be478ae072) Importer(815301076,1909f56bfc062723c751e8b465ee728b)
Start importing Assets/Sprites/Ants/ants8_1.png using Guid(bcb032ec9fffcf44886562be478ae072) Importer(815301076,1909f56bfc062723c751e8b465ee728b)  -> (artifact id: '7c6016fbd031bb7f22fe360ff8593ffb') in 0.024861 seconds 
========================================================================
Received Import Request.
  Time since last request: 0.000047 seconds.
  path: Assets/Sprites/Ants/ants6_1.png
  artifactKey: Guid(33211ce5f4ac67b49bd9637a4710ba4b) Importer(815301076,1909f56bfc062723c751e8b465ee728b)
Start importing Assets/Sprites/Ants/ants6_1.png using Guid(33211ce5f4ac67b49bd9637a4710ba4b) Importer(815301076,1909f56bfc062723c751e8b465ee728b)  -> (artifact id: 'df0ad6bfc716a4390dcb448b30f536a4') in 0.049554 seconds 
========================================================================
Received Import Request.
  Time since last request: 0.000049 seconds.
  path: Assets/Sprites/Ants/ants1_3.png
  artifactKey: Guid(98708ae4ad793f14c9189d00d8225dec) Importer(815301076,1909f56bfc062723c751e8b465ee728b)
Start importing Assets/Sprites/Ants/ants1_3.png using Guid(98708ae4ad793f14c9189d00d8225dec) Importer(815301076,1909f56bfc062723c751e8b465ee728b)  -> (artifact id: '45f7c657f2670b30e4fff9c7c7b7ecdd') in 0.029445 seconds 
========================================================================
Received Import Request.
  Time since last request: 0.000057 seconds.
  path: Assets/Sprites/Ants/ants5_2.png
  artifactKey: Guid(2978933f7df05024f99e1d674c15f317) Importer(815301076,1909f56bfc062723c751e8b465ee728b)
Start importing Assets/Sprites/Ants/ants5_2.png using Guid(2978933f7df05024f99e1d674c15f317) Importer(815301076,1909f56bfc062723c751e8b465ee728b)  -> (artifact id: '2f109aa58a395f3926168e56ddd776ca') in 0.033974 seconds 
Editor requested this worker to shutdown with reason: Scaling down because of idle timeout
AssetImportWorker is now disconnected from the server
Process exiting
Exiting without the bug reporter. Application will terminate with return code 0