Using pre-set license
Built from '2021.3/staging' branch; Version is '2021.3.9f1 (ad3870b89536) revision 11352176'; Using compiler version '192829333'; Build Type 'Release'
OS: 'Windows 10  (10.0.19042) 64bit Professional' Language: 'ru' Physical Memory: 16370 MB
BatchMode: 1, IsHumanControllingUs: 0, StartBugReporterOnCrash: 0, Is64bit: 1, IsPro: 1

COMMAND LINE ARGUMENTS:
C:\Program Files\Unity\Hub\Editor\2021.3.9f1\Editor\Unity.exe
-adb2
-batchMode
-noUpm
-name
AssetImportWorker1
-projectPath
C:/Users/Intel/Desktop/28-29
-logFile
Logs/AssetImportWorker1.log
-srvPort
54126
Successfully changed project path to: C:/Users/Intel/Desktop/28-29
C:/Users/Intel/Desktop/28-29
[UnityMemory] Configuration Parameters - Can be set up in boot.config
    "memorysetup-bucket-allocator-granularity=16"
    "memorysetup-bucket-allocator-bucket-count=8"
    "memorysetup-bucket-allocator-block-size=33554432"
    "memorysetup-bucket-allocator-block-count=8"
    "memorysetup-main-allocator-block-size=16777216"
    "memorysetup-thread-allocator-block-size=16777216"
    "memorysetup-gfx-main-allocator-block-size=16777216"
    "memorysetup-gfx-thread-allocator-block-size=16777216"
    "memorysetup-cache-allocator-block-size=4194304"
    "memorysetup-typetree-allocator-block-size=2097152"
    "memorysetup-profiler-bucket-allocator-granularity=16"
    "memorysetup-profiler-bucket-allocator-bucket-count=8"
    "memorysetup-profiler-bucket-allocator-block-size=33554432"
    "memorysetup-profiler-bucket-allocator-block-count=8"
    "memorysetup-profiler-allocator-block-size=16777216"
    "memorysetup-profiler-editor-allocator-block-size=1048576"
    "memorysetup-temp-allocator-size-main=16777216"
    "memorysetup-job-temp-allocator-block-size=2097152"
    "memorysetup-job-temp-allocator-block-size-background=1048576"
    "memorysetup-job-temp-allocator-reduction-small-platforms=262144"
    "memorysetup-temp-allocator-size-background-worker=32768"
    "memorysetup-temp-allocator-size-job-worker=262144"
    "memorysetup-temp-allocator-size-preload-manager=33554432"
    "memorysetup-temp-allocator-size-nav-mesh-worker=65536"
    "memorysetup-temp-allocator-size-audio-worker=65536"
    "memorysetup-temp-allocator-size-cloud-worker=32768"
    "memorysetup-temp-allocator-size-gi-baking-worker=262144"
    "memorysetup-temp-allocator-size-gfx=262144"
Refreshing native plugins compatible for Editor in 206.01 ms, found 4 plugins.
Preloading 0 native plugins for Editor in 0.00 ms.
Initialize engine version: 2021.3.9f1 (ad3870b89536)
[Subsystems] Discovering subsystems at path C:/Program Files/Unity/Hub/Editor/2021.3.9f1/Editor/Data/Resources/UnitySubsystems
[Subsystems] Discovering subsystems at path C:/Users/Intel/Desktop/28-29/Assets
GfxDevice: creating device client; threaded=0; jobified=0
Direct3D:
    Version:  Direct3D 11.0 [level 11.0]
    Renderer: NVIDIA GeForce GTX 760 (ID=0x1187)
    Vendor:   NVIDIA
    VRAM:     2007 MB
    Driver:   30.0.14.7212
Initialize mono
Mono path[0] = 'C:/Program Files/Unity/Hub/Editor/2021.3.9f1/Editor/Data/Managed'
Mono path[1] = 'C:/Program Files/Unity/Hub/Editor/2021.3.9f1/Editor/Data/MonoBleedingEdge/lib/mono/unityjit-win32'
Mono config path = 'C:/Program Files/Unity/Hub/Editor/2021.3.9f1/Editor/Data/MonoBleedingEdge/etc'
Using monoOptions --debugger-agent=transport=dt_socket,embedding=1,server=y,suspend=n,address=127.0.0.1:56216
Begin MonoManager ReloadAssembly
Registering precompiled unity dll's ...
Register platform support module: C:/Program Files/Unity/Hub/Editor/2021.3.9f1/Editor/Data/PlaybackEngines/WebGLSupport/UnityEditor.WebGL.Extensions.dll
Register platform support module: C:/Program Files/Unity/Hub/Editor/2021.3.9f1/Editor/Data/PlaybackEngines/WindowsStandaloneSupport/UnityEditor.WindowsStandalone.Extensions.dll
Registered in 0.016328 seconds.
Native extension for WindowsStandalone target not found
Native extension for WebGL target not found
Refreshing native plugins compatible for Editor in 222.24 ms, found 4 plugins.
Preloading 0 native plugins for Editor in 0.00 ms.
Mono: successfully reloaded assembly
- Completed reload, in  1.662 seconds
Domain Reload Profiling:
	ReloadAssembly (1664ms)
		BeginReloadAssembly (177ms)
			ExecutionOrderSort (0ms)
			DisableScriptedObjects (0ms)
			BackupInstance (0ms)
			ReleaseScriptingObjects (0ms)
			CreateAndSetChildDomain (2ms)
		EndReloadAssembly (1211ms)
			LoadAssemblies (173ms)
			RebuildTransferFunctionScriptingTraits (0ms)
			SetupTypeCache (297ms)
			ReleaseScriptCaches (0ms)
			RebuildScriptCaches (79ms)
			SetupLoadedEditorAssemblies (712ms)
				LogAssemblyErrors (0ms)
				InitializePlatformSupportModulesInManaged (21ms)
				SetLoadedEditorAssemblies (0ms)
				RefreshPlugins (223ms)
				BeforeProcessingInitializeOnLoad (4ms)
				ProcessInitializeOnLoadAttributes (332ms)
				ProcessInitializeOnLoadMethodAttributes (131ms)
				AfterProcessingInitializeOnLoad (0ms)
				EditorAssembliesLoaded (0ms)
			ExecutionOrderSort2 (0ms)
			AwakeInstancesAfterBackupRestoration (0ms)
Platform modules already initialized, skipping
Registering precompiled user dll's ...
Registered in 0.021883 seconds.
Begin MonoManager ReloadAssembly
Symbol file LoadedFromMemory doesn't match image C:\Users\Intel\Desktop\28-29\Library\PackageCache\com.unity.visualscripting@1.7.8\Editor\VisualScripting.Core\Dependencies\YamlDotNet\Unity.VisualScripting.YamlDotNet.dll
Symbol file LoadedFromMemory doesn't match image C:\Users\Intel\Desktop\28-29\Library\PackageCache\com.unity.visualscripting@1.7.8\Editor\VisualScripting.Core\Dependencies\DotNetZip\Unity.VisualScripting.IonicZip.dll
Native extension for WindowsStandalone target not found
Native extension for WebGL target not found
Refreshing native plugins compatible for Editor in 226.15 ms, found 4 plugins.
Preloading 0 native plugins for Editor in 0.00 ms.
Mono: successfully reloaded assembly
- Completed reload, in  2.946 seconds
Domain Reload Profiling:
	ReloadAssembly (2949ms)
		BeginReloadAssembly (257ms)
			ExecutionOrderSort (0ms)
			DisableScriptedObjects (19ms)
			BackupInstance (0ms)
			ReleaseScriptingObjects (0ms)
			CreateAndSetChildDomain (36ms)
		EndReloadAssembly (2380ms)
			LoadAssemblies (199ms)
			RebuildTransferFunctionScriptingTraits (0ms)
			SetupTypeCache (662ms)
			ReleaseScriptCaches (1ms)
			RebuildScriptCaches (166ms)
			SetupLoadedEditorAssemblies (1223ms)
				LogAssemblyErrors (0ms)
				InitializePlatformSupportModulesInManaged (13ms)
				SetLoadedEditorAssemblies (0ms)
				RefreshPlugins (226ms)
				BeforeProcessingInitializeOnLoad (254ms)
				ProcessInitializeOnLoadAttributes (604ms)
				ProcessInitializeOnLoadMethodAttributes (109ms)
				AfterProcessingInitializeOnLoad (15ms)
				EditorAssembliesLoaded (0ms)
			ExecutionOrderSort2 (0ms)
			AwakeInstancesAfterBackupRestoration (19ms)
Platform modules already initialized, skipping
========================================================================
Worker process is ready to serve import requests
Launched and connected shader compiler UnityShaderCompiler.exe after 0.08 seconds
Refreshing native plugins compatible for Editor in 1.84 ms, found 4 plugins.
Preloading 0 native plugins for Editor in 0.00 ms.
Unloading 4087 Unused Serialized files (Serialized files now loaded: 0)
Unloading 44 unused Assets / (223.5 KB). Loaded Objects now: 4538.
Memory consumption went from 153.7 MB to 153.5 MB.
Total: 6.757800 ms (FindLiveObjects: 0.505000 ms CreateObjectMapping: 0.281300 ms MarkObjects: 5.665500 ms  DeleteObjects: 0.303800 ms)

AssetImportParameters requested are different than current active one (requested -> active):
  custom:video-decoder-ogg-theora: a1e56fd34408186e4bbccfd4996cb3dc -> 
  custom:container-muxer-webm: aa71ff27fc2769a1b78a27578f13a17b -> 
  custom:container-demuxer-webm: 4f35f7cbe854078d1ac9338744f61a02 -> 
  custom:video-encoder-webm-vp8: eb34c28f22e8b96e1ab97ce403110664 -> 
  custom:audio-encoder-webm-vorbis: bf7c407c2cedff20999df2af8eb42d56 -> 
  custom:framework-win-MediaFoundation: 216162199b28c13a410421893ffa2e32 -> 
  custom:container-demuxer-ogg: 62fdf1f143b41e24485cea50d1cbac27 -> 
  custom:video-decoder-webm-vp8: 9c59270c3fd7afecdb556c50c9e8de78 -> 
  custom:audio-decoder-ogg-vorbis: bf7c407c2cedff20999df2af8eb42d56 -> 
========================================================================
Received Import Request.
  Time since last request: 6023.215173 seconds.
  path: Assets/Prefabs/up.prefab
  artifactKey: Guid(e3e4c3cbab61d594f9ed00277a542524) Importer(815301076,1909f56bfc062723c751e8b465ee728b)
Start importing Assets/Prefabs/up.prefab using Guid(e3e4c3cbab61d594f9ed00277a542524) Importer(815301076,1909f56bfc062723c751e8b465ee728b)  -> (artifact id: '009391d640a27d618f6f104fda5c9691') in 0.224371 seconds 
========================================================================
Received Import Request.
  Time since last request: 0.000046 seconds.
  path: Assets/Prefabs/Ant0.prefab
  artifactKey: Guid(305b859aadce575439d7b1842e93ffa6) Importer(815301076,1909f56bfc062723c751e8b465ee728b)
Start importing Assets/Prefabs/Ant0.prefab using Guid(305b859aadce575439d7b1842e93ffa6) Importer(815301076,1909f56bfc062723c751e8b465ee728b)  -> (artifact id: 'bdb0d1cf09adee231e254ad547ce7d6c') in 0.032075 seconds 
========================================================================
Received Import Request.
  Time since last request: 0.000057 seconds.
  path: Assets/Sfx_&_Musics/intro.ogg
  artifactKey: Guid(f519bcb2c737e944a9dc513905322e8d) Importer(815301076,1909f56bfc062723c751e8b465ee728b)
Start importing Assets/Sfx_&_Musics/intro.ogg using Guid(f519bcb2c737e944a9dc513905322e8d) Importer(815301076,1909f56bfc062723c751e8b465ee728b)  -> (artifact id: '3c0db511ab6ab6eb94d94de71e4d4a9f') in 0.070334 seconds 
========================================================================
Received Import Request.
  Time since last request: 0.000044 seconds.
  path: Assets/Sfx_&_Musics/flyy.ogg
  artifactKey: Guid(f781274f5f6dcd646b21bf45a132d977) Importer(815301076,1909f56bfc062723c751e8b465ee728b)
Start importing Assets/Sfx_&_Musics/flyy.ogg using Guid(f781274f5f6dcd646b21bf45a132d977) Importer(815301076,1909f56bfc062723c751e8b465ee728b)  -> (artifact id: '852734fd9358703a1764723a65e7eee9') in 0.016680 seconds 
========================================================================
Received Import Request.
  Time since last request: 0.000106 seconds.
  path: Assets/Sfx_&_Musics/life.ogg
  artifactKey: Guid(e0736838e6f31ae4ca424ffbbe6f8abf) Importer(815301076,1909f56bfc062723c751e8b465ee728b)
Start importing Assets/Sfx_&_Musics/life.ogg using Guid(e0736838e6f31ae4ca424ffbbe6f8abf) Importer(815301076,1909f56bfc062723c751e8b465ee728b)  -> (artifact id: 'e798472ca794a5ede4d33be52f148bc3') in 0.020784 seconds 
========================================================================
Received Import Request.
  Time since last request: 0.000047 seconds.
  path: Assets/Sfx_&_Musics/menuout.ogg
  artifactKey: Guid(eed5b62645fefad449be51ae24119f10) Importer(815301076,1909f56bfc062723c751e8b465ee728b)
Start importing Assets/Sfx_&_Musics/menuout.ogg using Guid(eed5b62645fefad449be51ae24119f10) Importer(815301076,1909f56bfc062723c751e8b465ee728b)  -> (artifact id: '796fe00cc0b0560fa2a0a65f796fb13a') in 0.018727 seconds 
========================================================================
Received Import Request.
  Time since last request: 0.000040 seconds.
  path: Assets/Prefabs/Ant3.prefab
  artifactKey: Guid(16343f4ac4d8fce4fa94eb39c2fee6dc) Importer(815301076,1909f56bfc062723c751e8b465ee728b)
Start importing Assets/Prefabs/Ant3.prefab using Guid(16343f4ac4d8fce4fa94eb39c2fee6dc) Importer(815301076,1909f56bfc062723c751e8b465ee728b)  -> (artifact id: 'c39eb32b4cdc2fe29a250cd18dd46d0a') in 0.028720 seconds 
========================================================================
Received Import Request.
  Time since last request: 0.000052 seconds.
  path: Assets/Sfx_&_Musics/youch_0.ogg
  artifactKey: Guid(13da4ba9ea927a14a83695855b6f146a) Importer(815301076,1909f56bfc062723c751e8b465ee728b)
Start importing Assets/Sfx_&_Musics/youch_0.ogg using Guid(13da4ba9ea927a14a83695855b6f146a) Importer(815301076,1909f56bfc062723c751e8b465ee728b)  -> (artifact id: '8743d389ad2e32acf7558a4199ec9ab7') in 0.023020 seconds 
========================================================================
Received Import Request.
  Time since last request: 0.000063 seconds.
  path: Assets/Sfx_&_Musics/youch_1.ogg
  artifactKey: Guid(cd684e581f9471f469b576813c1e2801) Importer(815301076,1909f56bfc062723c751e8b465ee728b)
Start importing Assets/Sfx_&_Musics/youch_1.ogg using Guid(cd684e581f9471f469b576813c1e2801) Importer(815301076,1909f56bfc062723c751e8b465ee728b)  -> (artifact id: '1088437176689c22aee57bba9030d2d5') in 0.019014 seconds 
========================================================================
Received Import Request.
  Time since last request: 0.000050 seconds.
  path: Assets/Sfx_&_Musics/ant_5_0.ogg
  artifactKey: Guid(1903bd142beac2e439689b59d93584cc) Importer(815301076,1909f56bfc062723c751e8b465ee728b)
Start importing Assets/Sfx_&_Musics/ant_5_0.ogg using Guid(1903bd142beac2e439689b59d93584cc) Importer(815301076,1909f56bfc062723c751e8b465ee728b)  -> (artifact id: '65a7544c7f390d4ceac6c95004e65b4f') in 0.016746 seconds 
========================================================================
Received Import Request.
  Time since last request: 0.000066 seconds.
  path: Assets/Sfx_&_Musics/bonus.ogg
  artifactKey: Guid(76fa410aca0ced644afa9280af486b1e) Importer(815301076,1909f56bfc062723c751e8b465ee728b)
Start importing Assets/Sfx_&_Musics/bonus.ogg using Guid(76fa410aca0ced644afa9280af486b1e) Importer(815301076,1909f56bfc062723c751e8b465ee728b)  -> (artifact id: '9d40d7656207f9fd204eda4ad67ceba7') in 0.025929 seconds 
========================================================================
Received Import Request.
  Time since last request: 0.000056 seconds.
  path: Assets/Sfx_&_Musics/ant_0_0.ogg
  artifactKey: Guid(8907614b492673a46b8906d85a78c91b) Importer(815301076,1909f56bfc062723c751e8b465ee728b)
Start importing Assets/Sfx_&_Musics/ant_0_0.ogg using Guid(8907614b492673a46b8906d85a78c91b) Importer(815301076,1909f56bfc062723c751e8b465ee728b)  -> (artifact id: '59359ec9973d9ee8234a38fd62dd8701') in 0.021724 seconds 
========================================================================
Received Import Request.
  Time since last request: 0.000044 seconds.
  path: Assets/Sfx_&_Musics/ant_2_0.ogg
  artifactKey: Guid(2295097286838ce4bb9b3f3297744207) Importer(815301076,1909f56bfc062723c751e8b465ee728b)
Start importing Assets/Sfx_&_Musics/ant_2_0.ogg using Guid(2295097286838ce4bb9b3f3297744207) Importer(815301076,1909f56bfc062723c751e8b465ee728b)  -> (artifact id: '3341d1cadf6538a3056be7325276d6d6') in 0.024411 seconds 
========================================================================
Received Import Request.
  Time since last request: 0.000041 seconds.
  path: Assets/Prefabs/Bee0.prefab
  artifactKey: Guid(5fe8722db9276e64a8c2011fa3b24bc1) Importer(815301076,1909f56bfc062723c751e8b465ee728b)
Start importing Assets/Prefabs/Bee0.prefab using Guid(5fe8722db9276e64a8c2011fa3b24bc1) Importer(815301076,1909f56bfc062723c751e8b465ee728b)  -> (artifact id: '0668503abbf0dc615df08879a6d2b9c5') in 0.042781 seconds 
========================================================================
Received Import Request.
  Time since last request: 0.000040 seconds.
  path: Assets/Sfx_&_Musics/miss.ogg
  artifactKey: Guid(d4d01bb9756589f44a20d941f1a93eba) Importer(815301076,1909f56bfc062723c751e8b465ee728b)
Start importing Assets/Sfx_&_Musics/miss.ogg using Guid(d4d01bb9756589f44a20d941f1a93eba) Importer(815301076,1909f56bfc062723c751e8b465ee728b)  -> (artifact id: 'bb37de5c835dbf141a8eca0f1d275825') in 0.019145 seconds 
Editor requested this worker to shutdown with reason: Scaling down because of idle timeout
AssetImportWorker is now disconnected from the server
Process exiting
Exiting without the bug reporter. Application will terminate with return code 0